Building DAG of jobs...
Using shell: /usr/bin/bash
Provided cores: 4
Rules claiming more threads will be scaled down.
Job stats:
job      count    min threads    max threads
-----  -------  -------------  -------------
all          1              1              1
infer        2              1              1
total        3              1              1

Select jobs to execute...

[Tue Apr 18 11:33:43 2023]
rule infer:
    input: Tsinfer/Chr2.samples
    output: Tsinfer/Chr2.trees
    jobid: 3
    wildcards: chromosome=2
    resources: tmpdir=/tmp

Activating conda environment: tsinfer

[Tue Apr 18 11:33:43 2023]
rule infer:
    input: Tsinfer/Chr1.samples
    output: Tsinfer/Chr1.trees
    jobid: 1
    wildcards: chromosome=1
    resources: tmpdir=/tmp

Activating conda environment: tsinfer
[Tue Apr 18 11:33:43 2023]
Error in rule infer:
    jobid: 1
    output: Tsinfer/Chr1.trees
    conda-env: tsinfer
    shell:
        python InferTrees.py Tsinfer/Chr1.samples Tsinfer/Chr1.trees
        (one of the commands exited with non-zero exit code; note that snakemake uses bash strict mode!)

[Tue Apr 18 11:33:43 2023]
Error in rule infer:
    jobid: 3
    output: Tsinfer/Chr2.trees
    conda-env: tsinfer
    shell:
        python InferTrees.py Tsinfer/Chr2.samples Tsinfer/Chr2.trees
        (one of the commands exited with non-zero exit code; note that snakemake uses bash strict mode!)

Shutting down, this might take some time.
Exiting because a job execution failed. Look above for error message
Complete log: /home/jana/github/tree_seq_pipeline_Jana/Snakemake/rules/.snakemake/log/2023-04-18T113342.185900.snakemake.log
