Building DAG of jobs...
Using shell: /usr/bin/bash
Provided cores: 4
Rules claiming more threads will be scaled down.
Job stats:
job                    count    min threads    max threads
-------------------  -------  -------------  -------------
all                        1              1              1
infer                      2              1              1
prepare_sample_file        2              1              1
total                      5              1              1

Select jobs to execute...

[Tue Apr 18 09:58:02 2023]
rule prepare_sample_file:
    input: Tsinfer/Chr1_ancestral.vcf.gz, /home/jana/Documents/1Projects/HoneybeeDemo/Data/SampleMetaData.csv
    output: Tsinfer/Chr1.samples
    jobid: 2
    wildcards: chromosome=1
    resources: tmpdir=/tmp

Activating conda environment: tsinfer

[Tue Apr 18 09:58:02 2023]
rule prepare_sample_file:
    input: Tsinfer/Chr2_ancestral.vcf.gz, /home/jana/Documents/1Projects/HoneybeeDemo/Data/SampleMetaData.csv
    output: Tsinfer/Chr2.samples
    jobid: 4
    wildcards: chromosome=2
    resources: tmpdir=/tmp

Activating conda environment: tsinfer
[Tue Apr 18 09:58:03 2023]
Error in rule prepare_sample_file:
    jobid: 2
    output: Tsinfer/Chr1.samples
    conda-env: tsinfer
    shell:
        python $PWD/../scripts/PrepareTsinferSampleFile.py 1 Tsinfer/Chr1_ancestral.vcf.gz /home/jana/Documents/1Projects/HoneybeeDemo/Data/SampleMetaData.csv Tsinfer/Chr1.samples 1 {1: 1000000, 2: 1000000}
        (one of the commands exited with non-zero exit code; note that snakemake uses bash strict mode!)

[Tue Apr 18 09:58:03 2023]
Error in rule prepare_sample_file:
    jobid: 4
    output: Tsinfer/Chr2.samples
    conda-env: tsinfer
    shell:
        python $PWD/../scripts/PrepareTsinferSampleFile.py 2 Tsinfer/Chr2_ancestral.vcf.gz /home/jana/Documents/1Projects/HoneybeeDemo/Data/SampleMetaData.csv Tsinfer/Chr2.samples 1 {1: 1000000, 2: 1000000}
        (one of the commands exited with non-zero exit code; note that snakemake uses bash strict mode!)

Shutting down, this might take some time.
Exiting because a job execution failed. Look above for error message
Complete log: /home/jana/github/tree_seq_pipeline_Jana/Snakemake/rules/.snakemake/log/2023-04-18T095801.614737.snakemake.log
