Building DAG of jobs...
Using shell: /usr/bin/bash
Provided cores: 4
Rules claiming more threads will be scaled down.
Job stats:
job      count    min threads    max threads
-----  -------  -------------  -------------
all          1              1              1
infer        2              1              1
total        3              1              1

Select jobs to execute...

[Tue Apr 18 11:41:06 2023]
rule infer:
    input: Tsinfer/Chr2.samples
    output: Tsinfer/Chr2.trees
    jobid: 3
    wildcards: chromosome=2
    resources: tmpdir=/tmp

Activating conda environment: tsinfer

[Tue Apr 18 11:41:06 2023]
rule infer:
    input: Tsinfer/Chr1.samples
    output: Tsinfer/Chr1.trees
    jobid: 1
    wildcards: chromosome=1
    resources: tmpdir=/tmp

Activating conda environment: tsinfer
[Tue Apr 18 11:41:08 2023]
Finished job 3.
1 of 3 steps (33%) done
[Tue Apr 18 11:41:09 2023]
Finished job 1.
2 of 3 steps (67%) done
Select jobs to execute...

[Tue Apr 18 11:41:09 2023]
localrule all:
    input: Tsinfer/Chr1.trees, Tsinfer/Chr2.trees
    jobid: 0
    resources: tmpdir=/tmp

[Tue Apr 18 11:41:09 2023]
Finished job 0.
3 of 3 steps (100%) done
Complete log: /home/jana/github/tree_seq_pipeline_Jana/Snakemake/rules/.snakemake/log/2023-04-18T114105.666164.snakemake.log
