Building DAG of jobs...
Using shell: /usr/bin/bash
Provided cores: 10
Rules claiming more threads will be scaled down.
Conda environments: ignored
Job stats:
job                    count    min threads    max threads
-------------------  -------  -------------  -------------
all                        1              1              1
infer                      1              1              1
prepare_sample_file        1              1              1
total                      3              1              1

Select jobs to execute...

[Fri Apr 14 14:49:30 2023]
rule prepare_sample_file:
    input: Tsinfer/Chr2_ancestral.vcf.gz
    output: Tsinfer/Chr2.samples
    jobid: 4
    wildcards: chromosome=2
    resources: tmpdir=/tmp

[Fri Apr 14 14:49:30 2023]
Error in rule prepare_sample_file:
    jobid: 4
    output: Tsinfer/Chr2.samples

RuleException:
CalledProcessError in line 15 of /home/jana/github/tree_seq_pipeline_Jana/Snakemake/rules/infer_trees.smk:
Command 'set -euo pipefail;  /usr/bin/python3 /home/jana/Documents/1Projects/HoneybeeDemo/.snakemake/scripts/tmp6aq79vdt.PrepareTsinferSampleFile.py' returned non-zero exit status 1.
  File "/home/jana/github/tree_seq_pipeline_Jana/Snakemake/rules/infer_trees.smk", line 15, in __rule_prepare_sample_file
  File "/usr/lib/python3.10/concurrent/futures/thread.py", line 58, in run
Shutting down, this might take some time.
Exiting because a job execution failed. Look above for error message
Complete log: /home/jana/github/tree_seq_pipeline_Jana/Snakemake/rules/.snakemake/log/2023-04-14T144929.505150.snakemake.log
