Building DAG of jobs...
Using shell: /usr/bin/bash
Provided cores: 1 (use --cores to define parallelism)
Rules claiming more threads will be scaled down.
Conda environments: ignored
Job stats:
job                    count    min threads    max threads
-------------------  -------  -------------  -------------
all                        1              1              1
infer                      2              1              1
prepare_sample_file        2              1              1
total                      5              1              1

Select jobs to execute...

[Mon Apr 17 11:16:42 2023]
rule prepare_sample_file:
    input: Tsinfer/Chr2_ancestral.vcf.gz
    output: Tsinfer/Chr2.samples
    jobid: 4
    wildcards: chromosome=2
    resources: tmpdir=/tmp

[Mon Apr 17 11:16:42 2023]
Error in rule prepare_sample_file:
    jobid: 4
    output: Tsinfer/Chr2.samples

RuleException:
IndexError in line 15 of /home/jana/github/tree_seq_pipeline_Jana/Snakemake/rules/infer_trees.smk:
tuple index out of range
  File "/home/jana/github/tree_seq_pipeline_Jana/Snakemake/rules/infer_trees.smk", line 15, in __rule_prepare_sample_file
  File "/usr/lib/python3.10/string.py", line 161, in format
  File "/usr/lib/python3.10/string.py", line 165, in vformat
  File "/usr/lib/python3.10/string.py", line 205, in _vformat
  File "/usr/lib/python3.10/string.py", line 270, in get_field
  File "/usr/lib/python3.10/string.py", line 225, in get_value
  File "/usr/lib/python3.10/concurrent/futures/thread.py", line 58, in run
Shutting down, this might take some time.
Exiting because a job execution failed. Look above for error message
Complete log: /home/jana/github/tree_seq_pipeline_Jana/Snakemake/rules/.snakemake/log/2023-04-17T111641.882678.snakemake.log
